<?xml version="1.0" encoding="UTF-8"?>
<!-- Generated by org.testng.reporters.JUnitXMLReporter -->
<testsuite hostname="hp" name="Default test" tests="4" failures="0" timestamp="25 Jun 2019 05:15:48 GMT" time="22.167" errors="0">
  <testcase name="loginwithValidds1" time="5.139" classname="com.model.MercuryTsPropertiesTest"/>
  <testcase name="loginwithValidds2" time="3.818" classname="com.model.MercuryTsPropertiesTest"/>
  <testcase name="loginwithValidds3" time="4.107" classname="com.model.MercuryTsPropertiesTest"/>
  <testcase name="loginwithInValidds4" time="2.255" classname="com.model.MercuryTsPropertiesTest"/>
</testsuite> <!-- Default test -->
