<?xml version="1.0" encoding="UTF-8"?>
<testng-results skipped="0" failed="0" total="4" passed="4">
  <reporter-output>
  </reporter-output>
  <suite name="Default suite" duration-ms="22167" started-at="2019-06-25T05:15:26Z" finished-at="2019-06-25T05:15:48Z">
    <groups>
    </groups>
    <test name="Default test" duration-ms="22167" started-at="2019-06-25T05:15:26Z" finished-at="2019-06-25T05:15:48Z">
      <class name="com.model.MercuryTsPropertiesTest">
        <test-method status="PASS" signature="openBrowser()[pri:0, instance:com.model.MercuryTsPropertiesTest@25618e91]" name="openBrowser" is-config="true" duration-ms="4086" started-at="2019-06-25T10:45:22Z" finished-at="2019-06-25T10:45:26Z">
          <reporter-output>
          </reporter-output>
        </test-method> <!-- openBrowser -->
        <test-method status="PASS" signature="enterApplicationURL()[pri:0, instance:com.model.MercuryTsPropertiesTest@25618e91]" name="enterApplicationURL" is-config="true" duration-ms="3574" started-at="2019-06-25T10:45:26Z" finished-at="2019-06-25T10:45:29Z">
          <reporter-output>
          </reporter-output>
        </test-method> <!-- enterApplicationURL -->
        <test-method status="PASS" signature="maximizeBrowser()[pri:0, instance:com.model.MercuryTsPropertiesTest@25618e91]" name="maximizeBrowser" is-config="true" duration-ms="1149" started-at="2019-06-25T10:45:29Z" finished-at="2019-06-25T10:45:30Z">
          <reporter-output>
          </reporter-output>
        </test-method> <!-- maximizeBrowser -->
        <test-method status="PASS" signature="getAllcookies()[pri:0, instance:com.model.MercuryTsPropertiesTest@25618e91]" name="getAllcookies" is-config="true" duration-ms="37" started-at="2019-06-25T10:45:30Z" finished-at="2019-06-25T10:45:30Z">
          <reporter-output>
          </reporter-output>
        </test-method> <!-- getAllcookies -->
        <test-method status="PASS" signature="loginwithValidds1()[pri:1, instance:com.model.MercuryTsPropertiesTest@25618e91]" name="loginwithValidds1" duration-ms="5139" started-at="2019-06-25T10:45:30Z" finished-at="2019-06-25T10:45:36Z">
          <reporter-output>
          </reporter-output>
        </test-method> <!-- loginwithValidds1 -->
        <test-method status="PASS" signature="captureScreenshot()[pri:0, instance:com.model.MercuryTsPropertiesTest@25618e91]" name="captureScreenshot" is-config="true" duration-ms="461" started-at="2019-06-25T10:45:36Z" finished-at="2019-06-25T10:45:36Z">
          <reporter-output>
          </reporter-output>
        </test-method> <!-- captureScreenshot -->
        <test-method status="PASS" signature="getAllcookies()[pri:0, instance:com.model.MercuryTsPropertiesTest@25618e91]" name="getAllcookies" is-config="true" duration-ms="19" started-at="2019-06-25T10:45:36Z" finished-at="2019-06-25T10:45:36Z">
          <reporter-output>
          </reporter-output>
        </test-method> <!-- getAllcookies -->
        <test-method status="PASS" signature="loginwithValidds2()[pri:2, instance:com.model.MercuryTsPropertiesTest@25618e91]" name="loginwithValidds2" duration-ms="3818" started-at="2019-06-25T10:45:36Z" finished-at="2019-06-25T10:45:40Z">
          <reporter-output>
          </reporter-output>
        </test-method> <!-- loginwithValidds2 -->
        <test-method status="PASS" signature="captureScreenshot()[pri:0, instance:com.model.MercuryTsPropertiesTest@25618e91]" name="captureScreenshot" is-config="true" duration-ms="425" started-at="2019-06-25T10:45:40Z" finished-at="2019-06-25T10:45:40Z">
          <reporter-output>
          </reporter-output>
        </test-method> <!-- captureScreenshot -->
        <test-method status="PASS" signature="getAllcookies()[pri:0, instance:com.model.MercuryTsPropertiesTest@25618e91]" name="getAllcookies" is-config="true" duration-ms="102" started-at="2019-06-25T10:45:40Z" finished-at="2019-06-25T10:45:40Z">
          <reporter-output>
          </reporter-output>
        </test-method> <!-- getAllcookies -->
        <test-method status="PASS" signature="loginwithValidds3()[pri:3, instance:com.model.MercuryTsPropertiesTest@25618e91]" name="loginwithValidds3" duration-ms="4107" started-at="2019-06-25T10:45:40Z" finished-at="2019-06-25T10:45:44Z">
          <reporter-output>
          </reporter-output>
        </test-method> <!-- loginwithValidds3 -->
        <test-method status="PASS" signature="captureScreenshot()[pri:0, instance:com.model.MercuryTsPropertiesTest@25618e91]" name="captureScreenshot" is-config="true" duration-ms="430" started-at="2019-06-25T10:45:44Z" finished-at="2019-06-25T10:45:45Z">
          <reporter-output>
          </reporter-output>
        </test-method> <!-- captureScreenshot -->
        <test-method status="PASS" signature="getAllcookies()[pri:0, instance:com.model.MercuryTsPropertiesTest@25618e91]" name="getAllcookies" is-config="true" duration-ms="80" started-at="2019-06-25T10:45:45Z" finished-at="2019-06-25T10:45:45Z">
          <reporter-output>
          </reporter-output>
        </test-method> <!-- getAllcookies -->
        <test-method status="PASS" signature="loginwithInValidds4()[pri:4, instance:com.model.MercuryTsPropertiesTest@25618e91]" name="loginwithInValidds4" duration-ms="2255" started-at="2019-06-25T10:45:45Z" finished-at="2019-06-25T10:45:47Z">
          <reporter-output>
          </reporter-output>
        </test-method> <!-- loginwithInValidds4 -->
        <test-method status="PASS" signature="captureScreenshot()[pri:0, instance:com.model.MercuryTsPropertiesTest@25618e91]" name="captureScreenshot" is-config="true" duration-ms="451" started-at="2019-06-25T10:45:47Z" finished-at="2019-06-25T10:45:48Z">
          <reporter-output>
          </reporter-output>
        </test-method> <!-- captureScreenshot -->
        <test-method status="PASS" signature="deleteAllcookies()[pri:0, instance:com.model.MercuryTsPropertiesTest@25618e91]" name="deleteAllcookies" is-config="true" duration-ms="88" started-at="2019-06-25T10:45:48Z" finished-at="2019-06-25T10:45:48Z">
          <reporter-output>
          </reporter-output>
        </test-method> <!-- deleteAllcookies -->
        <test-method status="PASS" signature="dbconnectionclose()[pri:0, instance:com.model.MercuryTsPropertiesTest@25618e91]" name="dbconnectionclose" is-config="true" duration-ms="0" started-at="2019-06-25T10:45:48Z" finished-at="2019-06-25T10:45:48Z">
          <reporter-output>
          </reporter-output>
        </test-method> <!-- dbconnectionclose -->
        <test-method status="PASS" signature="closeBrowser()[pri:0, instance:com.model.MercuryTsPropertiesTest@25618e91]" name="closeBrowser" is-config="true" duration-ms="51" started-at="2019-06-25T10:45:48Z" finished-at="2019-06-25T10:45:48Z">
          <reporter-output>
          </reporter-output>
        </test-method> <!-- closeBrowser -->
      </class> <!-- com.model.MercuryTsPropertiesTest -->
    </test> <!-- Default test -->
  </suite> <!-- Default suite -->
</testng-results>
